<?xml version="1.0" encoding="UTF-8"?>
<testng-results skipped="0" failed="0" total="1" passed="1">
  <reporter-output>
  </reporter-output>
  <suite name="Default suite" duration-ms="85553" started-at="2015-01-21T04:18:21Z" finished-at="2015-01-21T04:19:47Z">
    <groups>
    </groups>
    <test name="Default test" duration-ms="85553" started-at="2015-01-21T04:18:21Z" finished-at="2015-01-21T04:19:47Z">
      <class name="test005.HKTVMall.testSaveToWishlistAfterLogin">
        <test-method status="PASS" signature="intial()[pri:0, instance:test005.HKTVMall.testSaveToWishlistAfterLogin@35851384]" name="intial" is-config="true" duration-ms="3054" started-at="2015-01-21T12:18:21Z" finished-at="2015-01-21T12:18:25Z">
          <reporter-output>
          </reporter-output>
        </test-method> <!-- intial -->
        <test-method status="PASS" signature="testSavetoWishlistAfterLogin()[pri:0, instance:test005.HKTVMall.testSaveToWishlistAfterLogin@35851384]" name="testSavetoWishlistAfterLogin" duration-ms="81339" started-at="2015-01-21T12:18:25Z" finished-at="2015-01-21T12:19:46Z">
          <reporter-output>
          </reporter-output>
        </test-method> <!-- testSavetoWishlistAfterLogin -->
        <test-method status="PASS" signature="quit()[pri:0, instance:test005.HKTVMall.testSaveToWishlistAfterLogin@35851384]" name="quit" is-config="true" duration-ms="1142" started-at="2015-01-21T12:19:46Z" finished-at="2015-01-21T12:19:47Z">
          <reporter-output>
          </reporter-output>
        </test-method> <!-- quit -->
      </class> <!-- test005.HKTVMall.testSaveToWishlistAfterLogin -->
    </test> <!-- Default test -->
  </suite> <!-- Default suite -->
</testng-results>
